{"event":"LookupTableInitialized","tableName":"table_name","method":"Alephant::Lookup::LookupTable#initialize","level":"info","timestamp":"2016-02-17 13:41:54 +0000"}
{"event":"LookupHelperInitialized","tableName":"","method":"Alephant::Lookup::LookupHelper#initialize","level":"info","timestamp":"2016-02-17 13:41:54 +0000"}
{"event":"LookupHelperInitialized","tableName":"table_name","method":"Alephant::Lookup::LookupHelper#initialize","level":"info","timestamp":"2016-02-17 13:41:54 +0000"}
{"event":"LookupQueryInitialized","tableName":"table_name","componentId":"id","location":"#<Alephant::Lookup::LookupLocation:0x007fc16e44e760>","batchVersion":"{:variant=>\"foo\"}","method":"Alephant::Lookup::LookupQuery#initialize","level":"info","timestamp":"2016-02-17 13:41:54 +0000"}
{"event":"S3LocationRetrieved","location":"/location","method":"Alephant::Lookup::LookupQuery#run!","level":"info","timestamp":"2016-02-17 13:41:54 +0000"}
{"event":"LookupQuery","tableName":"table_name","id":"id","opts":"0","batchVersion":"{:variant=>\"foo\"}","method":"Alephant::Lookup::LookupHelper#read","level":"info","timestamp":"2016-02-17 13:41:54 +0000"}
{"event":"LookupHelperInitialized","tableName":"test","method":"Alephant::Lookup::LookupHelper#initialize","level":"info","timestamp":"2016-02-17 13:41:54 +0000"}
{"event":"LookupLocationUpdated","location":"/location","id":"id","opts":"{}","batchVersion":"0","method":"Alephant::Lookup::LookupHelper#write","level":"info","timestamp":"2016-02-17 13:41:54 +0000"}
{"event":"LookupHelperInitialized","tableName":"","method":"Alephant::Lookup::LookupHelper#initialize","level":"info","timestamp":"2016-02-17 13:41:54 +0000"}
{"event":"LookupTableInitialized","tableName":"table_name","method":"Alephant::Lookup::LookupTable#initialize","level":"info","timestamp":"2016-02-17 13:42:26 +0000"}
{"event":"LookupHelperInitialized","tableName":"","method":"Alephant::Lookup::LookupHelper#initialize","level":"info","timestamp":"2016-02-17 13:42:26 +0000"}
{"event":"LookupHelperInitialized","tableName":"table_name","method":"Alephant::Lookup::LookupHelper#initialize","level":"info","timestamp":"2016-02-17 13:42:26 +0000"}
{"event":"LookupQueryInitialized","tableName":"table_name","componentId":"id","location":"#<Alephant::Lookup::LookupLocation:0x007f945955e340>","batchVersion":"{:variant=>\"foo\"}","method":"Alephant::Lookup::LookupQuery#initialize","level":"info","timestamp":"2016-02-17 13:42:26 +0000"}
{"event":"S3LocationRetrieved","location":"/location","method":"Alephant::Lookup::LookupQuery#run!","level":"info","timestamp":"2016-02-17 13:42:26 +0000"}
{"event":"LookupQuery","tableName":"table_name","id":"id","opts":"0","batchVersion":"{:variant=>\"foo\"}","method":"Alephant::Lookup::LookupHelper#read","level":"info","timestamp":"2016-02-17 13:42:26 +0000"}
{"event":"LookupHelperInitialized","tableName":"test","method":"Alephant::Lookup::LookupHelper#initialize","level":"info","timestamp":"2016-02-17 13:42:26 +0000"}
{"event":"LookupLocationUpdated","location":"/location","id":"id","opts":"{}","batchVersion":"0","method":"Alephant::Lookup::LookupHelper#write","level":"info","timestamp":"2016-02-17 13:42:26 +0000"}
{"event":"LookupHelperInitialized","tableName":"","method":"Alephant::Lookup::LookupHelper#initialize","level":"info","timestamp":"2016-02-17 13:42:26 +0000"}
{"event":"LookupTableInitialized","tableName":"table_name","method":"Alephant::Lookup::LookupTable#initialize","level":"info","timestamp":"2016-02-17 13:47:14 +0000"}
{"event":"LookupHelperInitialized","tableName":"","method":"Alephant::Lookup::LookupHelper#initialize","level":"info","timestamp":"2016-02-17 13:47:14 +0000"}
{"event":"LookupHelperInitialized","tableName":"table_name","method":"Alephant::Lookup::LookupHelper#initialize","level":"info","timestamp":"2016-02-17 13:47:14 +0000"}
{"event":"LookupQueryInitialized","tableName":"table_name","componentId":"id","location":"#<Alephant::Lookup::LookupLocation:0x007f8d6298e5f8>","batchVersion":"{:variant=>\"foo\"}","method":"Alephant::Lookup::LookupQuery#initialize","level":"info","timestamp":"2016-02-17 13:47:14 +0000"}
{"event":"S3LocationRetrieved","location":"/location","method":"Alephant::Lookup::LookupQuery#run!","level":"info","timestamp":"2016-02-17 13:47:14 +0000"}
{"event":"LookupQuery","tableName":"table_name","id":"id","opts":"0","batchVersion":"{:variant=>\"foo\"}","method":"Alephant::Lookup::LookupHelper#read","level":"info","timestamp":"2016-02-17 13:47:14 +0000"}
{"event":"LookupHelperInitialized","tableName":"test","method":"Alephant::Lookup::LookupHelper#initialize","level":"info","timestamp":"2016-02-17 13:47:14 +0000"}
{"event":"LookupLocationUpdated","location":"/location","id":"id","opts":"{}","batchVersion":"0","method":"Alephant::Lookup::LookupHelper#write","level":"info","timestamp":"2016-02-17 13:47:14 +0000"}
{"event":"LookupHelperInitialized","tableName":"","method":"Alephant::Lookup::LookupHelper#initialize","level":"info","timestamp":"2016-02-17 13:47:14 +0000"}
